c:\users\ysj\downloads\labproject08-9-5 (1)\x64\debug\vc142.pdb
c:\users\ysj\downloads\labproject08-9-5 (1)\x64\debug\vc142.idb
c:\users\ysj\downloads\labproject08-9-5 (1)\x64\debug\timer.obj
c:\users\ysj\downloads\labproject08-9-5 (1)\x64\debug\stdafx.obj
c:\users\ysj\downloads\labproject08-9-5 (1)\x64\debug\shader.obj
c:\users\ysj\downloads\labproject08-9-5 (1)\x64\debug\scene.obj
c:\users\ysj\downloads\labproject08-9-5 (1)\x64\debug\player.obj
c:\users\ysj\downloads\labproject08-9-5 (1)\x64\debug\object.obj
c:\users\ysj\downloads\labproject08-9-5 (1)\x64\debug\mesh.obj
c:\users\ysj\downloads\labproject08-9-5 (1)\x64\debug\labproject08-9-5.obj
c:\users\ysj\downloads\labproject08-9-5 (1)\x64\debug\gameframework.obj
c:\users\ysj\downloads\labproject08-9-5 (1)\x64\debug\ddstextureloader12.obj
c:\users\ysj\downloads\labproject08-9-5 (1)\x64\debug\camera.obj
d:\2021-2\3d 게임프로그래밍2\강의자료\sampleproject\labproject08-9-5\x64\debug\vc142.pdb
d:\2021-2\3d 게임프로그래밍2\강의자료\sampleproject\labproject08-9-5\x64\debug\vc142.idb
d:\2021-2\3d 게임프로그래밍2\강의자료\sampleproject\labproject08-9-5\x64\debug\timer.obj
d:\2021-2\3d 게임프로그래밍2\강의자료\sampleproject\labproject08-9-5\x64\debug\stdafx.obj
d:\2021-2\3d 게임프로그래밍2\강의자료\sampleproject\labproject08-9-5\x64\debug\shader.obj
d:\2021-2\3d 게임프로그래밍2\강의자료\sampleproject\labproject08-9-5\x64\debug\scene.obj
d:\2021-2\3d 게임프로그래밍2\강의자료\sampleproject\labproject08-9-5\x64\debug\player.obj
d:\2021-2\3d 게임프로그래밍2\강의자료\sampleproject\labproject08-9-5\x64\debug\object.obj
d:\2021-2\3d 게임프로그래밍2\강의자료\sampleproject\labproject08-9-5\x64\debug\mesh.obj
d:\2021-2\3d 게임프로그래밍2\강의자료\sampleproject\labproject08-9-5\x64\debug\labproject08-9-5.obj
d:\2021-2\3d 게임프로그래밍2\강의자료\sampleproject\labproject08-9-5\x64\debug\gameframework.obj
d:\2021-2\3d 게임프로그래밍2\강의자료\sampleproject\labproject08-9-5\x64\debug\ddstextureloader12.obj
d:\2021-2\3d 게임프로그래밍2\강의자료\sampleproject\labproject08-9-5\x64\debug\camera.obj
c:\users\ysj\downloads\labproject08-9-5 (1)\x64\debug\labproject08-9-5(dynamiccubemapping).ilk
c:\users\ysj\downloads\labproject08-9-5 (1)\x64\debug\labproject08-9-5(dynamiccubemapping).exe
c:\users\ysj\downloads\labproject08-9-5 (1)\x64\debug\labproject08-9-5(dynamiccubemapping).pdb
d:\2021-2\3d 게임프로그래밍2\강의자료\sampleproject\labproject08-9-5\x64\debug\labproject08-9-5(dynamiccubemapping).ilk
d:\2021-2\3d 게임프로그래밍2\강의자료\sampleproject\x64\debug\labproject08-9-5(dynamiccubemapping).exe
d:\2021-2\3d 게임프로그래밍2\강의자료\sampleproject\x64\debug\labproject08-9-5(dynamiccubemapping).pdb
c:\users\ysj\downloads\labproject08-9-5 (1)\x64\debug\labproject08-9-5.res
d:\2021-2\3d 게임프로그래밍2\강의자료\sampleproject\labproject08-9-5\x64\debug\labproject08-9-5.res
d:\2021-2\3d 게임프로그래밍2\강의자료\sampleproject\labproject08-9-5\x64\debug\labproject08-9-5(dynamiccubemapping).pdb
d:\2021-2\3d 게임프로그래밍2\강의자료\sampleproject\labproject08-9-5\x64\debug\labproje.0b2923e6.tlog\cl.command.1.tlog
d:\2021-2\3d 게임프로그래밍2\강의자료\sampleproject\labproject08-9-5\x64\debug\labproje.0b2923e6.tlog\cl.read.1.tlog
d:\2021-2\3d 게임프로그래밍2\강의자료\sampleproject\labproject08-9-5\x64\debug\labproje.0b2923e6.tlog\cl.write.1.tlog
d:\2021-2\3d 게임프로그래밍2\강의자료\sampleproject\labproject08-9-5\x64\debug\labproje.0b2923e6.tlog\link.command.1.tlog
d:\2021-2\3d 게임프로그래밍2\강의자료\sampleproject\labproject08-9-5\x64\debug\labproje.0b2923e6.tlog\link.read.1.tlog
d:\2021-2\3d 게임프로그래밍2\강의자료\sampleproject\labproject08-9-5\x64\debug\labproje.0b2923e6.tlog\link.write.1.tlog
d:\2021-2\3d 게임프로그래밍2\강의자료\sampleproject\labproject08-9-5\x64\debug\labproje.0b2923e6.tlog\rc.command.1.tlog
d:\2021-2\3d 게임프로그래밍2\강의자료\sampleproject\labproject08-9-5\x64\debug\labproje.0b2923e6.tlog\rc.read.1.tlog
d:\2021-2\3d 게임프로그래밍2\강의자료\sampleproject\labproject08-9-5\x64\debug\labproje.0b2923e6.tlog\rc.write.1.tlog
