d:\2021-2\directx12 인프런 강의\game\engine\x64\debug\engine.pch
d:\2021-2\directx12 인프런 강의\game\output\engine.pdb
d:\2021-2\directx12 인프런 강의\game\output\engine.idb
d:\2021-2\directx12 인프런 강의\game\engine\x64\debug\pch.obj
d:\2021-2\directx12 인프런 강의\game\engine\x64\debug\swapchain.obj
d:\2021-2\directx12 인프런 강의\game\engine\x64\debug\shader.obj
d:\2021-2\directx12 인프런 강의\game\engine\x64\debug\rootsignature.obj
d:\2021-2\directx12 인프런 강의\game\engine\x64\debug\mesh.obj
d:\2021-2\directx12 인프런 강의\game\engine\x64\debug\enginepch.obj
d:\2021-2\directx12 인프런 강의\game\engine\x64\debug\engine.obj
d:\2021-2\directx12 인프런 강의\game\engine\x64\debug\device.obj
d:\2021-2\directx12 인프런 강의\game\engine\x64\debug\constantbuffer.obj
d:\2021-2\directx12 인프런 강의\game\engine\x64\debug\commandqueue.obj
d:\2021-2\directx12 인프런 강의\game\output\engine.lib
d:\2021-2\directx12 인프런 강의\game\engine\x64\debug\engine.tlog\cl.command.1.tlog
d:\2021-2\directx12 인프런 강의\game\engine\x64\debug\engine.tlog\cl.read.1.tlog
d:\2021-2\directx12 인프런 강의\game\engine\x64\debug\engine.tlog\cl.write.1.tlog
d:\2021-2\directx12 인프런 강의\game\engine\x64\debug\engine.tlog\lib-link.read.1.tlog
d:\2021-2\directx12 인프런 강의\game\engine\x64\debug\engine.tlog\lib-link.write.1.tlog
d:\2021-2\directx12 인프런 강의\game\engine\x64\debug\engine.tlog\lib.command.1.tlog
