c:\users\윤성주\desktop\labproject07-9\debug\labproject07-9.pch
c:\users\윤성주\desktop\labproject07-9\debug\vc142.pdb
c:\users\윤성주\desktop\labproject07-9\debug\vc142.idb
c:\users\윤성주\desktop\labproject07-9\debug\stdafx.obj
c:\users\윤성주\desktop\labproject07-9\debug\timer.obj
c:\users\윤성주\desktop\labproject07-9\debug\shader.obj
c:\users\윤성주\desktop\labproject07-9\debug\scene.obj
c:\users\윤성주\desktop\labproject07-9\debug\player.obj
c:\users\윤성주\desktop\labproject07-9\debug\object.obj
c:\users\윤성주\desktop\labproject07-9\debug\mesh.obj
c:\users\윤성주\desktop\labproject07-9\debug\labproject07-9.obj
c:\users\윤성주\desktop\labproject07-9\debug\gameframework.obj
c:\users\윤성주\desktop\labproject07-9\debug\camera.obj
c:\users\윤성주\desktop\labproject07-9\debug\labproject07-9.ilk
c:\users\윤성주\desktop\labproject07-9\debug\labproject07-9.exe
c:\users\윤성주\desktop\labproject07-9\debug\labproject07-9.pdb
c:\users\윤성주\desktop\labproject07-9\debug\labproject07-9.res
c:\users\윤성주\desktop\labproject07-9\debug\labproject07-9.tlog\cl.command.1.tlog
c:\users\윤성주\desktop\labproject07-9\debug\labproject07-9.tlog\cl.read.1.tlog
c:\users\윤성주\desktop\labproject07-9\debug\labproject07-9.tlog\cl.write.1.tlog
c:\users\윤성주\desktop\labproject07-9\debug\labproject07-9.tlog\fxc.command.1.tlog
c:\users\윤성주\desktop\labproject07-9\debug\labproject07-9.tlog\fxc.read.1.tlog
c:\users\윤성주\desktop\labproject07-9\debug\labproject07-9.tlog\link.command.1.tlog
c:\users\윤성주\desktop\labproject07-9\debug\labproject07-9.tlog\link.read.1.tlog
c:\users\윤성주\desktop\labproject07-9\debug\labproject07-9.tlog\link.write.1.tlog
c:\users\윤성주\desktop\labproject07-9\debug\labproject07-9.tlog\rc.command.1.tlog
c:\users\윤성주\desktop\labproject07-9\debug\labproject07-9.tlog\rc.read.1.tlog
c:\users\윤성주\desktop\labproject07-9\debug\labproject07-9.tlog\rc.write.1.tlog
