d:\2021-2\directx12 인프런 강의\game\engine\x64\release\engine.pch
d:\2021-2\directx12 인프런 강의\game\output\engine.pdb
d:\2021-2\directx12 인프런 강의\game\engine\x64\release\pch.obj
d:\2021-2\directx12 인프런 강의\game\engine\x64\release\texture.obj
d:\2021-2\directx12 인프런 강의\game\engine\x64\release\tabledescriptorheap.obj
d:\2021-2\directx12 인프런 강의\game\engine\x64\release\swapchain.obj
d:\2021-2\directx12 인프런 강의\game\engine\x64\release\shader.obj
d:\2021-2\directx12 인프런 강의\game\engine\x64\release\rootsignature.obj
d:\2021-2\directx12 인프런 강의\game\engine\x64\release\mesh.obj
d:\2021-2\directx12 인프런 강의\game\engine\x64\release\enginepch.obj
d:\2021-2\directx12 인프런 강의\game\engine\x64\release\engine.obj
d:\2021-2\directx12 인프런 강의\game\engine\x64\release\device.obj
d:\2021-2\directx12 인프런 강의\game\engine\x64\release\constantbuffer.obj
d:\2021-2\directx12 인프런 강의\game\engine\x64\release\commandqueue.obj
d:\2021-2\directx12 인프런 강의\game\output\engine.lib
d:\2021-2\directx12 인프런 강의\game\engine\x64\release\engine.tlog\cl.command.1.tlog
d:\2021-2\directx12 인프런 강의\game\engine\x64\release\engine.tlog\cl.read.1.tlog
d:\2021-2\directx12 인프런 강의\game\engine\x64\release\engine.tlog\cl.write.1.tlog
d:\2021-2\directx12 인프런 강의\game\engine\x64\release\engine.tlog\lib-link.read.1.tlog
d:\2021-2\directx12 인프런 강의\game\engine\x64\release\engine.tlog\lib-link.write.1.tlog
d:\2021-2\directx12 인프런 강의\game\engine\x64\release\engine.tlog\lib.command.1.tlog
