d:\2021-2\3d 게임프로그래밍2\강의자료\sampleproject\[[샘플프로젝트]스카이박스디테일텍스쳐링]_files\labproject08-2-1\x64\debug\vc142.pdb
d:\2021-2\3d 게임프로그래밍2\강의자료\sampleproject\[[샘플프로젝트]스카이박스디테일텍스쳐링]_files\labproject08-2-1\x64\debug\vc142.idb
d:\2021-2\3d 게임프로그래밍2\강의자료\sampleproject\[[샘플프로젝트]스카이박스디테일텍스쳐링]_files\labproject08-2-1\x64\debug\timer.obj
d:\2021-2\3d 게임프로그래밍2\강의자료\sampleproject\[[샘플프로젝트]스카이박스디테일텍스쳐링]_files\labproject08-2-1\x64\debug\stdafx.obj
d:\2021-2\3d 게임프로그래밍2\강의자료\sampleproject\[[샘플프로젝트]스카이박스디테일텍스쳐링]_files\labproject08-2-1\x64\debug\shader.obj
d:\2021-2\3d 게임프로그래밍2\강의자료\sampleproject\[[샘플프로젝트]스카이박스디테일텍스쳐링]_files\labproject08-2-1\x64\debug\scene.obj
d:\2021-2\3d 게임프로그래밍2\강의자료\sampleproject\[[샘플프로젝트]스카이박스디테일텍스쳐링]_files\labproject08-2-1\x64\debug\player.obj
d:\2021-2\3d 게임프로그래밍2\강의자료\sampleproject\[[샘플프로젝트]스카이박스디테일텍스쳐링]_files\labproject08-2-1\x64\debug\object.obj
d:\2021-2\3d 게임프로그래밍2\강의자료\sampleproject\[[샘플프로젝트]스카이박스디테일텍스쳐링]_files\labproject08-2-1\x64\debug\mesh.obj
d:\2021-2\3d 게임프로그래밍2\강의자료\sampleproject\[[샘플프로젝트]스카이박스디테일텍스쳐링]_files\labproject08-2-1\x64\debug\labproject08-2-1.obj
d:\2021-2\3d 게임프로그래밍2\강의자료\sampleproject\[[샘플프로젝트]스카이박스디테일텍스쳐링]_files\labproject08-2-1\x64\debug\gameframework.obj
d:\2021-2\3d 게임프로그래밍2\강의자료\sampleproject\[[샘플프로젝트]스카이박스디테일텍스쳐링]_files\labproject08-2-1\x64\debug\ddstextureloader12.obj
d:\2021-2\3d 게임프로그래밍2\강의자료\sampleproject\[[샘플프로젝트]스카이박스디테일텍스쳐링]_files\labproject08-2-1\x64\debug\camera.obj
d:\2021-2\3d 게임프로그래밍2\과제\3d2_firsthw\labproject08-2-1\x64\debug\vc142.pdb
d:\2021-2\3d 게임프로그래밍2\과제\3d2_firsthw\labproject08-2-1\x64\debug\vc142.idb
d:\2021-2\3d 게임프로그래밍2\과제\3d2_firsthw\labproject08-2-1\x64\debug\stdafx.obj
d:\2021-2\3d 게임프로그래밍2\과제\3d2_firsthw\labproject08-2-1\x64\debug\timer.obj
d:\2021-2\3d 게임프로그래밍2\과제\3d2_firsthw\labproject08-2-1\x64\debug\shader.obj
d:\2021-2\3d 게임프로그래밍2\과제\3d2_firsthw\labproject08-2-1\x64\debug\scene.obj
d:\2021-2\3d 게임프로그래밍2\과제\3d2_firsthw\labproject08-2-1\x64\debug\player.obj
d:\2021-2\3d 게임프로그래밍2\과제\3d2_firsthw\labproject08-2-1\x64\debug\mesh.obj
d:\2021-2\3d 게임프로그래밍2\과제\3d2_firsthw\labproject08-2-1\x64\debug\labproject08-2-1.obj
d:\2021-2\3d 게임프로그래밍2\과제\3d2_firsthw\labproject08-2-1\x64\debug\gameframework.obj
d:\2021-2\3d 게임프로그래밍2\과제\3d2_firsthw\labproject08-2-1\x64\debug\ddstextureloader12.obj
d:\2021-2\3d 게임프로그래밍2\과제\3d2_firsthw\labproject08-2-1\x64\debug\object.obj
d:\2021-2\3d 게임프로그래밍2\과제\3d2_firsthw\labproject08-2-1\x64\debug\camera.obj
d:\2021-2\3d 게임프로그래밍2\강의자료\sampleproject\[[샘플프로젝트]스카이박스디테일텍스쳐링]_files\labproject08-2-1\x64\debug\labproject08-2-1.ilk
d:\2021-2\3d 게임프로그래밍2\강의자료\sampleproject\x64\debug\labproject08-2-1.exe
d:\2021-2\3d 게임프로그래밍2\강의자료\sampleproject\x64\debug\labproject08-2-1.pdb
d:\2021-2\3d 게임프로그래밍2\과제\3d2_firsthw\x64\debug\labproject08-2-1.exe
d:\2021-2\3d 게임프로그래밍2\과제\3d2_firsthw\labproject08-2-1\x64\debug\labproject08-2-1.ilk
d:\2021-2\3d 게임프로그래밍2\과제\3d2_firsthw\x64\debug\labproject08-2-1.pdb
d:\2021-2\3d 게임프로그래밍2\강의자료\sampleproject\[[샘플프로젝트]스카이박스디테일텍스쳐링]_files\labproject08-2-1\x64\debug\labproject08-2-1.res
d:\2021-2\3d 게임프로그래밍2\과제\3d2_firsthw\labproject08-2-1\x64\debug\labproject08-2-1.res
d:\2021-2\3d 게임프로그래밍2\과제\3d2_firsthw\labproject08-2-1\x64\debug\labproject08-2-1.tlog\cl.command.1.tlog
d:\2021-2\3d 게임프로그래밍2\과제\3d2_firsthw\labproject08-2-1\x64\debug\labproject08-2-1.tlog\cl.read.1.tlog
d:\2021-2\3d 게임프로그래밍2\과제\3d2_firsthw\labproject08-2-1\x64\debug\labproject08-2-1.tlog\cl.write.1.tlog
d:\2021-2\3d 게임프로그래밍2\과제\3d2_firsthw\labproject08-2-1\x64\debug\labproject08-2-1.tlog\link.command.1.tlog
d:\2021-2\3d 게임프로그래밍2\과제\3d2_firsthw\labproject08-2-1\x64\debug\labproject08-2-1.tlog\link.read.1.tlog
d:\2021-2\3d 게임프로그래밍2\과제\3d2_firsthw\labproject08-2-1\x64\debug\labproject08-2-1.tlog\link.write.1.tlog
d:\2021-2\3d 게임프로그래밍2\과제\3d2_firsthw\labproject08-2-1\x64\debug\labproject08-2-1.tlog\rc.command.1.tlog
d:\2021-2\3d 게임프로그래밍2\과제\3d2_firsthw\labproject08-2-1\x64\debug\labproject08-2-1.tlog\rc.read.1.tlog
d:\2021-2\3d 게임프로그래밍2\과제\3d2_firsthw\labproject08-2-1\x64\debug\labproject08-2-1.tlog\rc.write.1.tlog
