d:\2021-2\3d 게임프로그래밍2\labprojects\labproject02(init)\x64\debug\vc142.pdb
d:\2021-2\3d 게임프로그래밍2\labprojects\labproject02(init)\x64\debug\vc142.idb
d:\2021-2\3d 게임프로그래밍2\labprojects\labproject02(init)\x64\debug\labproject02(init).obj
d:\2021-2\3d 게임프로그래밍2\labprojects\labproject02(init)\x64\debug\gameframework.obj
d:\2021-2\3d 게임프로그래밍2\labprojects\labproject02(init)\x64\debug\timer.obj
d:\2021-2\3d 게임프로그래밍2\labprojects\x64\debug\labproject02(init).exe
d:\2021-2\3d 게임프로그래밍2\labprojects\labproject02(init)\x64\debug\labproject02(init).ilk
d:\2021-2\3d 게임프로그래밍2\labprojects\x64\debug\labproject02(init).pdb
d:\2021-2\3d 게임프로그래밍2\labprojects\labproject02(init)\x64\debug\labproject02(init).res
d:\2021-2\3d 게임프로그래밍2\labprojects\labproject02(init)\x64\debug\labproje.9df515d1.tlog\cl.command.1.tlog
d:\2021-2\3d 게임프로그래밍2\labprojects\labproject02(init)\x64\debug\labproje.9df515d1.tlog\cl.read.1.tlog
d:\2021-2\3d 게임프로그래밍2\labprojects\labproject02(init)\x64\debug\labproje.9df515d1.tlog\cl.write.1.tlog
d:\2021-2\3d 게임프로그래밍2\labprojects\labproject02(init)\x64\debug\labproje.9df515d1.tlog\link-cvtres.read.1.tlog
d:\2021-2\3d 게임프로그래밍2\labprojects\labproject02(init)\x64\debug\labproje.9df515d1.tlog\link-cvtres.write.1.tlog
d:\2021-2\3d 게임프로그래밍2\labprojects\labproject02(init)\x64\debug\labproje.9df515d1.tlog\link-rc.read.1.tlog
d:\2021-2\3d 게임프로그래밍2\labprojects\labproject02(init)\x64\debug\labproje.9df515d1.tlog\link-rc.write.1.tlog
d:\2021-2\3d 게임프로그래밍2\labprojects\labproject02(init)\x64\debug\labproje.9df515d1.tlog\link.40644-cvtres.read.1.tlog
d:\2021-2\3d 게임프로그래밍2\labprojects\labproject02(init)\x64\debug\labproje.9df515d1.tlog\link.40644-cvtres.write.1.tlog
d:\2021-2\3d 게임프로그래밍2\labprojects\labproject02(init)\x64\debug\labproje.9df515d1.tlog\link.40644-rc.read.1.tlog
d:\2021-2\3d 게임프로그래밍2\labprojects\labproject02(init)\x64\debug\labproje.9df515d1.tlog\link.40644-rc.write.1.tlog
d:\2021-2\3d 게임프로그래밍2\labprojects\labproject02(init)\x64\debug\labproje.9df515d1.tlog\link.40644.read.1.tlog
d:\2021-2\3d 게임프로그래밍2\labprojects\labproject02(init)\x64\debug\labproje.9df515d1.tlog\link.40644.write.1.tlog
d:\2021-2\3d 게임프로그래밍2\labprojects\labproject02(init)\x64\debug\labproje.9df515d1.tlog\link.command.1.tlog
d:\2021-2\3d 게임프로그래밍2\labprojects\labproject02(init)\x64\debug\labproje.9df515d1.tlog\link.read.1.tlog
d:\2021-2\3d 게임프로그래밍2\labprojects\labproject02(init)\x64\debug\labproje.9df515d1.tlog\link.write.1.tlog
d:\2021-2\3d 게임프로그래밍2\labprojects\labproject02(init)\x64\debug\labproje.9df515d1.tlog\rc.command.1.tlog
d:\2021-2\3d 게임프로그래밍2\labprojects\labproject02(init)\x64\debug\labproje.9df515d1.tlog\rc.read.1.tlog
d:\2021-2\3d 게임프로그래밍2\labprojects\labproject02(init)\x64\debug\labproje.9df515d1.tlog\rc.write.1.tlog
